{"/home/hfierros/source/iteso/triangle-typescript/type/controller/type.controller.ts": {"path":"/home/hfierros/source/iteso/triangle-typescript/type/controller/type.controller.ts","statementMap":{"0":{"start":{"line":2,"column":0},"end":{"line":2,"column":51}},"1":{"start":{"line":6,"column":19},"end":{"line":6,"column":62}},"2":{"start":{"line":7,"column":2},"end":{"line":7,"column":41}},"3":{"start":{"line":11,"column":0},"end":{"line":11,"column":36}}},"fnMap":{"0":{"name":"(anonymous_8)","decl":{"start":{"line":5,"column":7},"end":{"line":5,"column":14}},"loc":{"start":{"line":5,"column":58},"end":{"line":8,"column":null}}}},"branchMap":{},"s":{"0":1,"1":1,"2":1,"3":1},"f":{"0":1},"b":{}}
,"/home/hfierros/source/iteso/triangle-typescript/type/middleware/type.middleware.ts": {"path":"/home/hfierros/source/iteso/triangle-typescript/type/middleware/type.middleware.ts","statementMap":{"0":{"start":{"line":10,"column":2},"end":{"line":15,"column":3}},"1":{"start":{"line":11,"column":3},"end":{"line":11,"column":10}},"2":{"start":{"line":13,"column":3},"end":{"line":14,"column":6}},"3":{"start":{"line":23,"column":36},"end":{"line":23,"column":44}},"4":{"start":{"line":24,"column":2},"end":{"line":30,"column":4}},"5":{"start":{"line":27,"column":4},"end":{"line":27,"column":11}},"6":{"start":{"line":29,"column":4},"end":{"line":29,"column":54}},"7":{"start":{"line":34,"column":0},"end":{"line":34,"column":null}}},"fnMap":{"0":{"name":"(anonymous_7)","decl":{"start":{"line":5,"column":7},"end":{"line":5,"column":29}},"loc":{"start":{"line":8,"column":28},"end":{"line":16,"column":null}}},"1":{"name":"(anonymous_9)","decl":{"start":{"line":18,"column":7},"end":{"line":18,"column":20}},"loc":{"start":{"line":21,"column":28},"end":{"line":31,"column":null}}}},"branchMap":{"0":{"loc":{"start":{"line":10,"column":2},"end":{"line":15,"column":3}},"type":"if","locations":[{"start":{"line":10,"column":2},"end":{"line":15,"column":3}},{"start":{"line":12,"column":9},"end":{"line":15,"column":3}}]},"1":{"loc":{"start":{"line":10,"column":6},"end":{"line":10,"column":68}},"type":"binary-expr","locations":[{"start":{"line":10,"column":6},"end":{"line":10,"column":14}},{"start":{"line":10,"column":18},"end":{"line":10,"column":32}},{"start":{"line":10,"column":36},"end":{"line":10,"column":50}},{"start":{"line":10,"column":54},"end":{"line":10,"column":68}}]},"2":{"loc":{"start":{"line":24,"column":2},"end":{"line":30,"column":4}},"type":"if","locations":[{"start":{"line":24,"column":2},"end":{"line":30,"column":4}},{"start":{"line":28,"column":10},"end":{"line":30,"column":4}}]},"3":{"loc":{"start":{"line":24,"column":6},"end":{"line":26,"column":60}},"type":"binary-expr","locations":[{"start":{"line":24,"column":6},"end":{"line":24,"column":63}},{"start":{"line":25,"column":3},"end":{"line":25,"column":60}},{"start":{"line":26,"column":3},"end":{"line":26,"column":60}}]}},"s":{"0":2,"1":1,"2":1,"3":2,"4":2,"5":1,"6":1,"7":1},"f":{"0":2,"1":2},"b":{"0":[1,1],"1":[2,2,1,1],"2":[1,1],"3":[2,1,1]}}
,"/home/hfierros/source/iteso/triangle-typescript/type/services/type.service.ts": {"path":"/home/hfierros/source/iteso/triangle-typescript/type/services/type.service.ts","statementMap":{"0":{"start":{"line":5,"column":2},"end":{"line":9,"column":3}},"1":{"start":{"line":8,"column":3},"end":{"line":8,"column":24}},"2":{"start":{"line":10,"column":2},"end":{"line":14,"column":3}},"3":{"start":{"line":13,"column":3},"end":{"line":13,"column":20}},"4":{"start":{"line":15,"column":2},"end":{"line":15,"column":21}},"5":{"start":{"line":19,"column":0},"end":{"line":19,"column":33}}},"fnMap":{"0":{"name":"(anonymous_7)","decl":{"start":{"line":4,"column":7},"end":{"line":4,"column":22}},"loc":{"start":{"line":4,"column":44},"end":{"line":16,"column":null}}}},"branchMap":{"0":{"loc":{"start":{"line":5,"column":2},"end":{"line":9,"column":3}},"type":"if","locations":[{"start":{"line":5,"column":2},"end":{"line":9,"column":3}},{"start":{},"end":{}}]},"1":{"loc":{"start":{"line":5,"column":6},"end":{"line":7,"column":35}},"type":"binary-expr","locations":[{"start":{"line":5,"column":6},"end":{"line":5,"column":38}},{"start":{"line":6,"column":3},"end":{"line":6,"column":35}},{"start":{"line":7,"column":3},"end":{"line":7,"column":35}}]},"2":{"loc":{"start":{"line":10,"column":2},"end":{"line":14,"column":3}},"type":"if","locations":[{"start":{"line":10,"column":2},"end":{"line":14,"column":3}},{"start":{},"end":{}}]},"3":{"loc":{"start":{"line":10,"column":6},"end":{"line":12,"column":35}},"type":"binary-expr","locations":[{"start":{"line":10,"column":6},"end":{"line":10,"column":38}},{"start":{"line":11,"column":3},"end":{"line":11,"column":35}},{"start":{"line":12,"column":3},"end":{"line":12,"column":35}}]}},"s":{"0":1,"1":0,"2":1,"3":0,"4":1,"5":2},"f":{"0":1},"b":{"0":[0,1],"1":[1,1,0],"2":[0,1],"3":[1,0,0]}}
}
