TN:
SF:type/controller/type.controller.ts
FN:5,(anonymous_8)
FNF:1
FNH:1
FNDA:1,(anonymous_8)
DA:2,1
DA:6,1
DA:7,1
DA:11,1
LF:4
LH:4
BRF:0
BRH:0
end_of_record
TN:
SF:type/middleware/type.middleware.ts
FN:5,(anonymous_7)
FN:18,(anonymous_9)
FNF:2
FNH:2
FNDA:2,(anonymous_7)
FNDA:2,(anonymous_9)
DA:10,2
DA:11,1
DA:13,1
DA:23,2
DA:24,2
DA:27,1
DA:29,1
DA:34,1
LF:8
LH:8
BRDA:10,0,0,1
BRDA:10,0,1,1
BRDA:10,1,0,2
BRDA:10,1,1,2
BRDA:10,1,2,1
BRDA:10,1,3,1
BRDA:24,2,0,1
BRDA:24,2,1,1
BRDA:24,3,0,2
BRDA:24,3,1,1
BRDA:24,3,2,1
BRF:11
BRH:11
end_of_record
TN:
SF:type/services/type.service.ts
FN:4,(anonymous_7)
FNF:1
FNH:1
FNDA:1,(anonymous_7)
DA:5,1
DA:8,0
DA:10,1
DA:13,0
DA:15,1
DA:19,2
LF:6
LH:4
BRDA:5,0,0,0
BRDA:5,0,1,1
BRDA:5,1,0,1
BRDA:5,1,1,1
BRDA:5,1,2,0
BRDA:10,2,0,0
BRDA:10,2,1,1
BRDA:10,3,0,1
BRDA:10,3,1,0
BRDA:10,3,2,0
BRF:10
BRH:5
end_of_record
